<?xml version="1.0" encoding="UTF-8"?>
<testsuite xmlns:xsi="http://www.w3.org/2001/XMLSchema-instance" xsi:noNamespaceSchemaLocation="https://maven.apache.org/surefire/maven-surefire-plugin/xsd/surefire-test-report.xsd" name="www.Calm.AppTest" time="0.031" tests="1" errors="0" skipped="0" failures="0">
  <properties>
    <property name="sun.desktop" value="windows"/>
    <property name="awt.toolkit" value="sun.awt.windows.WToolkit"/>
    <property name="file.encoding.pkg" value="sun.io"/>
    <property name="java.specification.version" value="1.8"/>
    <property name="sun.cpu.isalist" value="amd64"/>
    <property name="sun.jnu.encoding" value="GBK"/>
    <property name="java.class.path" value="D:\JAVA代码\Maven\game-notice\game-notice-client\target\test-classes;D:\JAVA代码\Maven\game-notice\game-notice-client\target\classes;D:\_repository\junit\junit\4.11\junit-4.11.jar;D:\_repository\org\hamcrest\hamcrest-core\1.3\hamcrest-core-1.3.jar;D:\_repository\org\apache\maven\plugins\maven-javadoc-plugin\3.0.0\maven-javadoc-plugin-3.0.0.jar;D:\_repository\org\apache\maven\maven-core\3.0\maven-core-3.0.jar;D:\_repository\org\apache\maven\maven-settings-builder\3.0\maven-settings-builder-3.0.jar;D:\_repository\org\apache\maven\maven-repository-metadata\3.0\maven-repository-metadata-3.0.jar;D:\_repository\org\apache\maven\maven-model-builder\3.0\maven-model-builder-3.0.jar;D:\_repository\org\apache\maven\maven-aether-provider\3.0\maven-aether-provider-3.0.jar;D:\_repository\org\sonatype\aether\aether-impl\1.7\aether-impl-1.7.jar;D:\_repository\org\sonatype\aether\aether-spi\1.7\aether-spi-1.7.jar;D:\_repository\org\sonatype\aether\aether-api\1.7\aether-api-1.7.jar;D:\_repository\org\sonatype\aether\aether-util\1.7\aether-util-1.7.jar;D:\_repository\org\sonatype\sisu\sisu-inject-plexus\1.4.2\sisu-inject-plexus-1.4.2.jar;D:\_repository\org\sonatype\sisu\sisu-inject-bean\1.4.2\sisu-inject-bean-1.4.2.jar;D:\_repository\org\sonatype\sisu\sisu-guice\2.1.7\sisu-guice-2.1.7-noaop.jar;D:\_repository\org\codehaus\plexus\plexus-interpolation\1.14\plexus-interpolation-1.14.jar;D:\_repository\org\codehaus\plexus\plexus-classworlds\2.2.3\plexus-classworlds-2.2.3.jar;D:\_repository\org\codehaus\plexus\plexus-component-annotations\1.5.5\plexus-component-annotations-1.5.5.jar;D:\_repository\org\sonatype\plexus\plexus-sec-dispatcher\1.3\plexus-sec-dispatcher-1.3.jar;D:\_repository\org\sonatype\plexus\plexus-cipher\1.4\plexus-cipher-1.4.jar;D:\_repository\org\apache\maven\maven-model\3.0\maven-model-3.0.jar;D:\_repository\org\apache\maven\maven-settings\3.0\maven-settings-3.0.jar;D:\_repository\org\apache\maven\maven-plugin-api\3.0\maven-plugin-api-3.0.jar;D:\_repository\org\apache\maven\maven-artifact\3.0\maven-artifact-3.0.jar;D:\_repository\org\apache\maven\reporting\maven-reporting-api\3.0\maven-reporting-api-3.0.jar;D:\_repository\org\apache\maven\maven-archiver\3.1.1\maven-archiver-3.1.1.jar;D:\_repository\org\apache\maven\shared\maven-shared-utils\3.0.1\maven-shared-utils-3.0.1.jar;D:\_repository\org\apache\maven\shared\maven-invoker\2.2\maven-invoker-2.2.jar;D:\_repository\org\apache\maven\shared\maven-common-artifact-filters\3.0.0\maven-common-artifact-filters-3.0.0.jar;D:\_repository\org\apache\maven\shared\maven-artifact-transfer\0.9.1\maven-artifact-transfer-0.9.1.jar;D:\_repository\commons-codec\commons-codec\1.6\commons-codec-1.6.jar;D:\_repository\org\slf4j\slf4j-api\1.7.5\slf4j-api-1.7.5.jar;D:\_repository\org\apache\maven\doxia\doxia-sink-api\1.7\doxia-sink-api-1.7.jar;D:\_repository\org\apache\maven\doxia\doxia-logging-api\1.7\doxia-logging-api-1.7.jar;D:\_repository\org\apache\maven\doxia\doxia-site-renderer\1.7.4\doxia-site-renderer-1.7.4.jar;D:\_repository\org\apache\maven\doxia\doxia-core\1.7\doxia-core-1.7.jar;D:\_repository\xmlunit\xmlunit\1.5\xmlunit-1.5.jar;D:\_repository\org\apache\maven\doxia\doxia-decoration-model\1.7.4\doxia-decoration-model-1.7.4.jar;D:\_repository\org\apache\maven\doxia\doxia-skin-model\1.7.4\doxia-skin-model-1.7.4.jar;D:\_repository\org\apache\maven\doxia\doxia-module-xhtml\1.7\doxia-module-xhtml-1.7.jar;D:\_repository\org\codehaus\plexus\plexus-i18n\1.0-beta-7\plexus-i18n-1.0-beta-7.jar;D:\_repository\org\codehaus\plexus\plexus-container-default\1.0-alpha-30\plexus-container-default-1.0-alpha-30.jar;D:\_repository\org\codehaus\plexus\plexus-velocity\1.2\plexus-velocity-1.2.jar;D:\_repository\org\apache\velocity\velocity\1.7\velocity-1.7.jar;D:\_repository\org\apache\velocity\velocity-tools\2.0\velocity-tools-2.0.jar;D:\_repository\commons-beanutils\commons-beanutils\1.7.0\commons-beanutils-1.7.0.jar;D:\_repository\commons-digester\commons-digester\1.8\commons-digester-1.8.jar;D:\_repository\commons-chain\commons-chain\1.1\commons-chain-1.1.jar;D:\_repository\commons-validator\commons-validator\1.3.1\commons-validator-1.3.1.jar;D:\_repository\dom4j\dom4j\1.1\dom4j-1.1.jar;D:\_repository\oro\oro\2.0.8\oro-2.0.8.jar;D:\_repository\sslext\sslext\1.2-0\sslext-1.2-0.jar;D:\_repository\org\apache\struts\struts-core\1.3.8\struts-core-1.3.8.jar;D:\_repository\antlr\antlr\2.7.2\antlr-2.7.2.jar;D:\_repository\org\apache\struts\struts-taglib\1.3.8\struts-taglib-1.3.8.jar;D:\_repository\org\apache\struts\struts-tiles\1.3.8\struts-tiles-1.3.8.jar;D:\_repository\commons-collections\commons-collections\3.2.1\commons-collections-3.2.1.jar;D:\_repository\commons-lang\commons-lang\2.4\commons-lang-2.4.jar;D:\_repository\org\apache\maven\wagon\wagon-provider-api\1.0-beta-6\wagon-provider-api-1.0-beta-6.jar;D:\_repository\org\apache\commons\commons-lang3\3.5\commons-lang3-3.5.jar;D:\_repository\commons-io\commons-io\2.5\commons-io-2.5.jar;D:\_repository\org\apache\httpcomponents\httpclient\4.5.2\httpclient-4.5.2.jar;D:\_repository\org\apache\httpcomponents\httpcore\4.4.4\httpcore-4.4.4.jar;D:\_repository\commons-logging\commons-logging\1.2\commons-logging-1.2.jar;D:\_repository\com\thoughtworks\qdox\qdox\2.0-M7\qdox-2.0-M7.jar;D:\_repository\org\codehaus\plexus\plexus-java\0.9.5\plexus-java-0.9.5.jar;D:\_repository\org\ow2\asm\asm\6.0\asm-6.0.jar;D:\_repository\org\codehaus\plexus\plexus-archiver\3.4\plexus-archiver-3.4.jar;D:\_repository\org\codehaus\plexus\plexus-io\2.7.1\plexus-io-2.7.1.jar;D:\_repository\org\apache\commons\commons-compress\1.11\commons-compress-1.11.jar;D:\_repository\org\iq80\snappy\snappy\0.4\snappy-0.4.jar;D:\_repository\org\tukaani\xz\1.5\xz-1.5.jar;D:\_repository\org\codehaus\plexus\plexus-utils\3.0.24\plexus-utils-3.0.24.jar;D:\_repository\org\codehaus\plexus\plexus-interactivity-api\1.0-alpha-4\plexus-interactivity-api-1.0-alpha-4.jar;D:\_repository\classworlds\classworlds\1.1-alpha-2\classworlds-1.1-alpha-2.jar;"/>
    <property name="java.vm.vendor" value="Oracle Corporation"/>
    <property name="sun.arch.data.model" value="64"/>
    <property name="user.variant" value=""/>
    <property name="java.vendor.url" value="http://java.oracle.com/"/>
    <property name="user.timezone" value="Asia/Shanghai"/>
    <property name="java.vm.specification.version" value="1.8"/>
    <property name="os.name" value="Windows 10"/>
    <property name="user.country" value="CN"/>
    <property name="sun.java.launcher" value="SUN_STANDARD"/>
    <property name="sun.boot.library.path" value="D:\Java\jdk1.8.0_161\jre\bin"/>
    <property name="sun.java.command" value="C:\Users\Calm\AppData\Local\Temp\surefire341861263426819037\surefirebooter1272058865133442304.jar C:\Users\Calm\AppData\Local\Temp\surefire341861263426819037 2019-02-23T17-49-31_367-jvmRun1 surefire6264771302018053353tmp surefire_05819888112923688967tmp"/>
    <property name="surefire.test.class.path" value="D:\JAVA代码\Maven\game-notice\game-notice-client\target\test-classes;D:\JAVA代码\Maven\game-notice\game-notice-client\target\classes;D:\_repository\junit\junit\4.11\junit-4.11.jar;D:\_repository\org\hamcrest\hamcrest-core\1.3\hamcrest-core-1.3.jar;D:\_repository\org\apache\maven\plugins\maven-javadoc-plugin\3.0.0\maven-javadoc-plugin-3.0.0.jar;D:\_repository\org\apache\maven\maven-core\3.0\maven-core-3.0.jar;D:\_repository\org\apache\maven\maven-settings-builder\3.0\maven-settings-builder-3.0.jar;D:\_repository\org\apache\maven\maven-repository-metadata\3.0\maven-repository-metadata-3.0.jar;D:\_repository\org\apache\maven\maven-model-builder\3.0\maven-model-builder-3.0.jar;D:\_repository\org\apache\maven\maven-aether-provider\3.0\maven-aether-provider-3.0.jar;D:\_repository\org\sonatype\aether\aether-impl\1.7\aether-impl-1.7.jar;D:\_repository\org\sonatype\aether\aether-spi\1.7\aether-spi-1.7.jar;D:\_repository\org\sonatype\aether\aether-api\1.7\aether-api-1.7.jar;D:\_repository\org\sonatype\aether\aether-util\1.7\aether-util-1.7.jar;D:\_repository\org\sonatype\sisu\sisu-inject-plexus\1.4.2\sisu-inject-plexus-1.4.2.jar;D:\_repository\org\sonatype\sisu\sisu-inject-bean\1.4.2\sisu-inject-bean-1.4.2.jar;D:\_repository\org\sonatype\sisu\sisu-guice\2.1.7\sisu-guice-2.1.7-noaop.jar;D:\_repository\org\codehaus\plexus\plexus-interpolation\1.14\plexus-interpolation-1.14.jar;D:\_repository\org\codehaus\plexus\plexus-classworlds\2.2.3\plexus-classworlds-2.2.3.jar;D:\_repository\org\codehaus\plexus\plexus-component-annotations\1.5.5\plexus-component-annotations-1.5.5.jar;D:\_repository\org\sonatype\plexus\plexus-sec-dispatcher\1.3\plexus-sec-dispatcher-1.3.jar;D:\_repository\org\sonatype\plexus\plexus-cipher\1.4\plexus-cipher-1.4.jar;D:\_repository\org\apache\maven\maven-model\3.0\maven-model-3.0.jar;D:\_repository\org\apache\maven\maven-settings\3.0\maven-settings-3.0.jar;D:\_repository\org\apache\maven\maven-plugin-api\3.0\maven-plugin-api-3.0.jar;D:\_repository\org\apache\maven\maven-artifact\3.0\maven-artifact-3.0.jar;D:\_repository\org\apache\maven\reporting\maven-reporting-api\3.0\maven-reporting-api-3.0.jar;D:\_repository\org\apache\maven\maven-archiver\3.1.1\maven-archiver-3.1.1.jar;D:\_repository\org\apache\maven\shared\maven-shared-utils\3.0.1\maven-shared-utils-3.0.1.jar;D:\_repository\org\apache\maven\shared\maven-invoker\2.2\maven-invoker-2.2.jar;D:\_repository\org\apache\maven\shared\maven-common-artifact-filters\3.0.0\maven-common-artifact-filters-3.0.0.jar;D:\_repository\org\apache\maven\shared\maven-artifact-transfer\0.9.1\maven-artifact-transfer-0.9.1.jar;D:\_repository\commons-codec\commons-codec\1.6\commons-codec-1.6.jar;D:\_repository\org\slf4j\slf4j-api\1.7.5\slf4j-api-1.7.5.jar;D:\_repository\org\apache\maven\doxia\doxia-sink-api\1.7\doxia-sink-api-1.7.jar;D:\_repository\org\apache\maven\doxia\doxia-logging-api\1.7\doxia-logging-api-1.7.jar;D:\_repository\org\apache\maven\doxia\doxia-site-renderer\1.7.4\doxia-site-renderer-1.7.4.jar;D:\_repository\org\apache\maven\doxia\doxia-core\1.7\doxia-core-1.7.jar;D:\_repository\xmlunit\xmlunit\1.5\xmlunit-1.5.jar;D:\_repository\org\apache\maven\doxia\doxia-decoration-model\1.7.4\doxia-decoration-model-1.7.4.jar;D:\_repository\org\apache\maven\doxia\doxia-skin-model\1.7.4\doxia-skin-model-1.7.4.jar;D:\_repository\org\apache\maven\doxia\doxia-module-xhtml\1.7\doxia-module-xhtml-1.7.jar;D:\_repository\org\codehaus\plexus\plexus-i18n\1.0-beta-7\plexus-i18n-1.0-beta-7.jar;D:\_repository\org\codehaus\plexus\plexus-container-default\1.0-alpha-30\plexus-container-default-1.0-alpha-30.jar;D:\_repository\org\codehaus\plexus\plexus-velocity\1.2\plexus-velocity-1.2.jar;D:\_repository\org\apache\velocity\velocity\1.7\velocity-1.7.jar;D:\_repository\org\apache\velocity\velocity-tools\2.0\velocity-tools-2.0.jar;D:\_repository\commons-beanutils\commons-beanutils\1.7.0\commons-beanutils-1.7.0.jar;D:\_repository\commons-digester\commons-digester\1.8\commons-digester-1.8.jar;D:\_repository\commons-chain\commons-chain\1.1\commons-chain-1.1.jar;D:\_repository\commons-validator\commons-validator\1.3.1\commons-validator-1.3.1.jar;D:\_repository\dom4j\dom4j\1.1\dom4j-1.1.jar;D:\_repository\oro\oro\2.0.8\oro-2.0.8.jar;D:\_repository\sslext\sslext\1.2-0\sslext-1.2-0.jar;D:\_repository\org\apache\struts\struts-core\1.3.8\struts-core-1.3.8.jar;D:\_repository\antlr\antlr\2.7.2\antlr-2.7.2.jar;D:\_repository\org\apache\struts\struts-taglib\1.3.8\struts-taglib-1.3.8.jar;D:\_repository\org\apache\struts\struts-tiles\1.3.8\struts-tiles-1.3.8.jar;D:\_repository\commons-collections\commons-collections\3.2.1\commons-collections-3.2.1.jar;D:\_repository\commons-lang\commons-lang\2.4\commons-lang-2.4.jar;D:\_repository\org\apache\maven\wagon\wagon-provider-api\1.0-beta-6\wagon-provider-api-1.0-beta-6.jar;D:\_repository\org\apache\commons\commons-lang3\3.5\commons-lang3-3.5.jar;D:\_repository\commons-io\commons-io\2.5\commons-io-2.5.jar;D:\_repository\org\apache\httpcomponents\httpclient\4.5.2\httpclient-4.5.2.jar;D:\_repository\org\apache\httpcomponents\httpcore\4.4.4\httpcore-4.4.4.jar;D:\_repository\commons-logging\commons-logging\1.2\commons-logging-1.2.jar;D:\_repository\com\thoughtworks\qdox\qdox\2.0-M7\qdox-2.0-M7.jar;D:\_repository\org\codehaus\plexus\plexus-java\0.9.5\plexus-java-0.9.5.jar;D:\_repository\org\ow2\asm\asm\6.0\asm-6.0.jar;D:\_repository\org\codehaus\plexus\plexus-archiver\3.4\plexus-archiver-3.4.jar;D:\_repository\org\codehaus\plexus\plexus-io\2.7.1\plexus-io-2.7.1.jar;D:\_repository\org\apache\commons\commons-compress\1.11\commons-compress-1.11.jar;D:\_repository\org\iq80\snappy\snappy\0.4\snappy-0.4.jar;D:\_repository\org\tukaani\xz\1.5\xz-1.5.jar;D:\_repository\org\codehaus\plexus\plexus-utils\3.0.24\plexus-utils-3.0.24.jar;D:\_repository\org\codehaus\plexus\plexus-interactivity-api\1.0-alpha-4\plexus-interactivity-api-1.0-alpha-4.jar;D:\_repository\classworlds\classworlds\1.1-alpha-2\classworlds-1.1-alpha-2.jar;"/>
    <property name="sun.cpu.endian" value="little"/>
    <property name="user.home" value="C:\Users\Calm"/>
    <property name="user.language" value="zh"/>
    <property name="java.specification.vendor" value="Oracle Corporation"/>
    <property name="java.home" value="D:\Java\jdk1.8.0_161\jre"/>
    <property name="basedir" value="D:\JAVA代码\Maven\game-notice\game-notice-client"/>
    <property name="file.separator" value="\"/>
    <property name="line.separator" value="&#10;"/>
    <property name="java.vm.specification.vendor" value="Oracle Corporation"/>
    <property name="java.specification.name" value="Java Platform API Specification"/>
    <property name="java.awt.graphicsenv" value="sun.awt.Win32GraphicsEnvironment"/>
    <property name="surefire.real.class.path" value="C:\Users\Calm\AppData\Local\Temp\surefire341861263426819037\surefirebooter1272058865133442304.jar"/>
    <property name="sun.boot.class.path" value="D:\Java\jdk1.8.0_161\jre\lib\resources.jar;D:\Java\jdk1.8.0_161\jre\lib\rt.jar;D:\Java\jdk1.8.0_161\jre\lib\sunrsasign.jar;D:\Java\jdk1.8.0_161\jre\lib\jsse.jar;D:\Java\jdk1.8.0_161\jre\lib\jce.jar;D:\Java\jdk1.8.0_161\jre\lib\charsets.jar;D:\Java\jdk1.8.0_161\jre\lib\jfr.jar;D:\Java\jdk1.8.0_161\jre\classes"/>
    <property name="user.script" value=""/>
    <property name="sun.management.compiler" value="HotSpot 64-Bit Tiered Compilers"/>
    <property name="java.runtime.version" value="1.8.0_161-b12"/>
    <property name="user.name" value="Calm"/>
    <property name="path.separator" value=";"/>
    <property name="os.version" value="10.0"/>
    <property name="java.endorsed.dirs" value="D:\Java\jdk1.8.0_161\jre\lib\endorsed"/>
    <property name="java.runtime.name" value="Java(TM) SE Runtime Environment"/>
    <property name="file.encoding" value="GBK"/>
    <property name="java.vm.name" value="Java HotSpot(TM) 64-Bit Server VM"/>
    <property name="localRepository" value="D:\_repository"/>
    <property name="java.vendor.url.bug" value="http://bugreport.sun.com/bugreport/"/>
    <property name="java.io.tmpdir" value="C:\Users\Calm\AppData\Local\Temp\"/>
    <property name="idea.version" value="2018.1.6"/>
    <property name="java.version" value="1.8.0_161"/>
    <property name="user.dir" value="D:\JAVA代码\Maven\game-notice\game-notice-client"/>
    <property name="os.arch" value="amd64"/>
    <property name="java.vm.specification.name" value="Java Virtual Machine Specification"/>
    <property name="java.awt.printerjob" value="sun.awt.windows.WPrinterJob"/>
    <property name="sun.os.patch.level" value=""/>
    <property name="java.library.path" value="D:\Java\jdk1.8.0_161\jre\bin;C:\WINDOWS\Sun\Java\bin;C:\WINDOWS\system32;C:\WINDOWS;C:\Program Files\MySQL\MySQL Server 5.7\bin;D:\Java\jdk1.8.0_161\bin;C:\Program Files (x86)\Intel\iCLS Client\;C:\Program Files\Intel\iCLS Client\;C:\Windows\system32;C:\Windows;C:\Windows\System32\Wbem;C:\Windows\System32\WindowsPowerShell\v1.0\;C:\Program Files (x86)\Intel\Intel(R) Management Engine Components\DAL;C:\Program Files\Intel\Intel(R) Management Engine Components\DAL;C:\Program Files (x86)\Intel\Intel(R) Management Engine Components\IPT;C:\Program Files\Intel\Intel(R) Management Engine Components\IPT;C:\Program Files (x86)\NVIDIA Corporation\PhysX\Common;C:\Program Files (x86)\Windows Kits\8.1\Windows Performance Toolkit\;C:\Program Files\Microsoft SQL Server\110\Tools\Binn\;C:\WINDOWS\system32;C:\WINDOWS;C:\WINDOWS\System32\Wbem;C:\WINDOWS\System32\WindowsPowerShell\v1.0\;C:\WINDOWS\System32\OpenSSH\;D:\Git\Git\cmd;D:\Java\jdk1.8.0_161\bin;D:\Program Files (x86)\HP\LoadRunner\strawberry-perl\perl\bin;D:\apache-maven-3.5.0\bin;C:\Program Files\MySQL\MySQL Server 5.7\bin;D:\Java\jdk1.8.0_161\bin;C:\Program Files (x86)\Intel\iCLS Client\;C:\Program Files\Intel\iCLS Client\;C:\Windows\system32;C:\Windows;C:\Windows\System32\Wbem;C:\Windows\System32\WindowsPowerShell\v1.0\;C:\Program Files (x86)\Intel\Intel(R) Management Engine Components\DAL;C:\Program Files\Intel\Intel(R) Management Engine Components\DAL;C:\Program Files (x86)\Intel\Intel(R) Management Engine Components\IPT;C:\Program Files\Intel\Intel(R) Management Engine Components\IPT;C:\Program Files (x86)\NVIDIA Corporation\PhysX\Common;C:\Program Files (x86)\Windows Kits\8.1\Windows Performance Toolkit\;C:\Program Files\Microsoft SQL Server\110\Tools\Binn\;C:\WINDOWS\system32;C:\WINDOWS;C:\WINDOWS\System32\Wbem;C:\WINDOWS\System32\WindowsPowerShell\v1.0\;C:\WINDOWS\System32\OpenSSH\;D:\Git\Git\cmd;D:\Java\jdk1.8.0_161\bin;D:\Program Files (x86)\HP\LoadRunner\strawberry-perl\perl\bin;D:\apache-maven-3.5.0\bin;;D:\java工具\Microsoft VS Code\bin;."/>
    <property name="java.vm.info" value="mixed mode"/>
    <property name="java.vendor" value="Oracle Corporation"/>
    <property name="java.vm.version" value="25.161-b12"/>
    <property name="java.ext.dirs" value="D:\Java\jdk1.8.0_161\jre\lib\ext;C:\WINDOWS\Sun\Java\lib\ext"/>
    <property name="sun.io.unicode.encoding" value="UnicodeLittle"/>
    <property name="java.class.version" value="52.0"/>
  </properties>
  <testcase name="shouldAnswerWithTrue" classname="www.Calm.AppTest" time="0.001"/>
</testsuite>